Arguments: 
  C:\Program Files\nodejs\node.exe C:\Program Files (x86)\Yarn\bin\yarn.js add @ant-design/icons-react-native

PATH: 
  C:\Program Files (x86)\Common Files\Oracle\Java\javapath;C:\WINDOWS\system32;C:\WINDOWS;C:\WINDOWS\System32\Wbem;C:\WINDOWS\System32\WindowsPowerShell\v1.0\;C:\WINDOWS\System32\OpenSSH\;C:\Program Files\nodejs\;C:\Program Files\Intel\WiFi\bin\;C:\Program Files\Common Files\Intel\WirelessCommon\;C:\Program Files (x86)\Yarn\bin\;C:\Users\juan.ignacio.echaide\.windows-build-tools\python27\;"C:\Users\juan.ignacio.echaide\AppData\Local\Microsoft\WindowsApps;C:\Users\juan.ignacio.echaide\Documents\Gradle\gradle-5.6.1-all.zip\gradle-5.6.1\bin;C:\Program Files (x86)\Java\jre1.8.0_211\bin;C:\Program Files (x86)\mingw-w64\i686-8.1.0-posix-dwarf-rt_v6-rev0\mingw32\bin;";C:\Users\juan.ignacio.echaide\AppData\Local\Programs\Git\cmd;C:\Users\juan.ignacio.echaide\AppData\Roaming\npm;C:\Users\juan.ignacio.echaide\AppData\Local\Programs\Microsoft VS Code\bin;C:\Program Files\nodejs\node_modules\npm\bin;C:\Users\juan.ignacio.echaide\AppData\Local\Yarn\bin;%USERPROFILE%\AppData\Local\Microsoft\WindowsApps;

Yarn version: 
  1.19.1

Node version: 
  12.10.0

Platform: 
  win32 x64

Trace: 
  Error: EPERM: operation not permitted, unlink 'C:\Users\juan.ignacio.echaide\Documents\MyMobile\norma\node_modules\@react-native-community\cli\node_modules\node-fetch\lib'

npm manifest: 
  {
    "main": "node_modules/expo/AppEntry.js",
    "proxy": "https://mytinerary-marta-norma.herokuapp.com/",
    "scripts": {
      "start": "expo start",
      "android": "expo start --android",
      "ios": "expo start --ios",
      "web": "expo start --web",
      "eject": "expo eject"
    },
    "dependencies": {
      "@primer/octicons-react": "^9.3.1",
      "expo": "^35.0.0",
      "jsonwebtoken": "^8.5.1",
      "jwt-decode": "^2.2.0",
      "native-base": "^2.13.8",
      "octicons-react": "^1.0.0",
      "react": "16.8.3",
      "react-dom": "16.8.3",
      "react-native": "https://github.com/expo/react-native/archive/sdk-35.0.0.tar.gz",
      "react-native-dropdown-menu": "^2.0.0",
      "react-native-elements": "^1.2.7",
      "react-native-gesture-handler": "~1.3.0",
      "react-native-modal-dropdown": "^0.7.0",
      "react-native-reanimated": "^1.4.0",
      "react-native-safe-area-view": "^1.0.0",
      "react-native-snap-carousel": "^3.8.4",
      "react-native-textinput-with-icons": "^1.0.18",
      "react-native-vector-icons": "^6.6.0",
      "react-native-web": "^0.11.7",
      "react-navigation": "^4.0.10",
      "react-navigation-drawer": "^2.3.3",
      "react-navigation-stack": "^1.10.3",
      "react-redux": "^7.1.3",
      "redux": "^4.0.4",
      "redux-devtools-extension": "^2.13.8",
      "redux-thunk": "^2.3.0",
      "stream": "0.0.2"
    },
    "devDependencies": {
      "babel-preset-expo": "^7.1.0",
      "redux-devtools": "^3.5.0"
    },
    "private": true
  }

yarn manifest: 
  No manifest

Lockfile: 
  No lockfile
